<?xml version="1.0" encoding="UTF-8"?>
<testsuite name="io.sessioncast.core.ConnectionTest" tests="1" skipped="0" failures="0" errors="0" timestamp="2026-01-27T01:39:02" hostname="devloadui-Mac-Studio.local" time="1.912">
  <properties/>
  <testcase name="testRelayConnection()" classname="io.sessioncast.core.ConnectionTest" time="1.912"/>
  <system-out><![CDATA[=== Relay Connection Test ===
Connecting...
10:39:03.584 [WebSocketConnectReadThread-26] INFO io.sessioncast.core.client.RelayWebSocketClient -- WebSocket connected to wss://relay.sessioncast.io/ws
[EVENT] Connected!
Connection successful!
Creating session: relay-test-3616
10:39:03.635 [sessioncast-client] INFO io.sessioncast.core.tmux.TmuxController -- Created session: relay-test-3616
10:39:03.637 [sessioncast-event] INFO io.sessioncast.core.screen.ScreenCapture -- Started screen capture for session: relay-test-3616
10:39:03.637 [sessioncast-event] INFO io.sessioncast.core.SessionCastClient -- Started streaming session: relay-test-3616
10:39:04.657 [sessioncast-client] INFO io.sessioncast.core.screen.ScreenCapture -- Stopped screen capture for session: relay-test-3616
10:39:04.657 [sessioncast-client] INFO io.sessioncast.core.SessionCastClient -- Stopped streaming session: relay-test-3616
10:39:04.665 [sessioncast-client] INFO io.sessioncast.core.tmux.TmuxController -- Killed session: relay-test-3616
Session cleaned up
10:39:04.817 [WebSocketConnectReadThread-26] INFO io.sessioncast.core.client.RelayWebSocketClient -- WebSocket closed: code=1000, reason=, remote=false
[EVENT] Disconnected: NORMAL
10:39:04.818 [Test worker] INFO io.sessioncast.core.SessionCastClient -- SessionCastClient closed
Test complete!
]]></system-out>
  <system-err><![CDATA[]]></system-err>
</testsuite>
